<?xml version="1.0" encoding="UTF-8"?>
<!-- Generated by org.testng.reporters.JUnitReportReporter -->
<testsuite hostname="IN-PG029QA1" failures="0" tests="3" name="tests.HomeTest" time="13.134" errors="0" timestamp="2023-05-11T13:10:19 IST" skipped="0">
  <testcase classname="tests.HomeTest" name="chooseTest" time="6.439"/>
  <system-out/>
  <testcase classname="tests.HomeTest" name="homeTest" time="1.982"/>
  <system-out/>
  <testcase classname="tests.HomeTest" name="formFill" time="4.713"/>
  <system-out/>
</testsuite> <!-- tests.HomeTest -->
